gcc-12.2.0 loaded successful
WARNING: underlay of /etc/localtime required more than 50 (88) bind mounts
WARNING: underlay of /usr/bin/nvidia-smi required more than 50 (410) bind mounts
W1029 22:39:27.213894 17802 torch/distributed/run.py:792] 
W1029 22:39:27.213894 17802 torch/distributed/run.py:792] *****************************************
W1029 22:39:27.213894 17802 torch/distributed/run.py:792] Setting OMP_NUM_THREADS environment variable for each process to be 1 in default, to avoid your system being overloaded, please further tune the variable for optimal performance in your application as needed. 
W1029 22:39:27.213894 17802 torch/distributed/run.py:792] *****************************************
2025-10-29 22:40:04.278986: E external/local_xla/xla/stream_executor/cuda/cuda_fft.cc:467] Unable to register cuFFT factory: Attempting to register factory for plugin cuFFT when one has already been registered
2025-10-29 22:40:04.278992: E external/local_xla/xla/stream_executor/cuda/cuda_fft.cc:467] Unable to register cuFFT factory: Attempting to register factory for plugin cuFFT when one has already been registered
2025-10-29 22:40:04.278993: E external/local_xla/xla/stream_executor/cuda/cuda_fft.cc:467] Unable to register cuFFT factory: Attempting to register factory for plugin cuFFT when one has already been registered
2025-10-29 22:40:04.278972: E external/local_xla/xla/stream_executor/cuda/cuda_fft.cc:467] Unable to register cuFFT factory: Attempting to register factory for plugin cuFFT when one has already been registered
2025-10-29 22:40:04.278988: E external/local_xla/xla/stream_executor/cuda/cuda_fft.cc:467] Unable to register cuFFT factory: Attempting to register factory for plugin cuFFT when one has already been registered
2025-10-29 22:40:04.278979: E external/local_xla/xla/stream_executor/cuda/cuda_fft.cc:467] Unable to register cuFFT factory: Attempting to register factory for plugin cuFFT when one has already been registered
2025-10-29 22:40:04.278993: E external/local_xla/xla/stream_executor/cuda/cuda_fft.cc:467] Unable to register cuFFT factory: Attempting to register factory for plugin cuFFT when one has already been registered
2025-10-29 22:40:04.278996: E external/local_xla/xla/stream_executor/cuda/cuda_fft.cc:467] Unable to register cuFFT factory: Attempting to register factory for plugin cuFFT when one has already been registered
WARNING: All log messages before absl::InitializeLog() is called are written to STDERR
WARNING: All log messages before absl::InitializeLog() is called are written to STDERR
WARNING: All log messages before absl::InitializeLog() is called are written to STDERR
WARNING: All log messages before absl::InitializeLog() is called are written to STDERR
WARNING: All log messages before absl::InitializeLog() is called are written to STDERR
WARNING: All log messages before absl::InitializeLog() is called are written to STDERR
WARNING: All log messages before absl::InitializeLog() is called are written to STDERR
WARNING: All log messages before absl::InitializeLog() is called are written to STDERR
E0000 00:00:1761748804.647475   17845 cuda_dnn.cc:8579] Unable to register cuDNN factory: Attempting to register factory for plugin cuDNN when one has already been registered
E0000 00:00:1761748804.647490   17840 cuda_dnn.cc:8579] Unable to register cuDNN factory: Attempting to register factory for plugin cuDNN when one has already been registered
E0000 00:00:1761748804.647501   17846 cuda_dnn.cc:8579] Unable to register cuDNN factory: Attempting to register factory for plugin cuDNN when one has already been registered
E0000 00:00:1761748804.647475   17843 cuda_dnn.cc:8579] Unable to register cuDNN factory: Attempting to register factory for plugin cuDNN when one has already been registered
E0000 00:00:1761748804.647493   17839 cuda_dnn.cc:8579] Unable to register cuDNN factory: Attempting to register factory for plugin cuDNN when one has already been registered
E0000 00:00:1761748804.647489   17842 cuda_dnn.cc:8579] Unable to register cuDNN factory: Attempting to register factory for plugin cuDNN when one has already been registered
E0000 00:00:1761748804.647479   17844 cuda_dnn.cc:8579] Unable to register cuDNN factory: Attempting to register factory for plugin cuDNN when one has already been registered
E0000 00:00:1761748804.647513   17841 cuda_dnn.cc:8579] Unable to register cuDNN factory: Attempting to register factory for plugin cuDNN when one has already been registered
E0000 00:00:1761748805.026596   17846 cuda_blas.cc:1407] Unable to register cuBLAS factory: Attempting to register factory for plugin cuBLAS when one has already been registered
E0000 00:00:1761748805.026736   17839 cuda_blas.cc:1407] Unable to register cuBLAS factory: Attempting to register factory for plugin cuBLAS when one has already been registered
E0000 00:00:1761748805.026751   17842 cuda_blas.cc:1407] Unable to register cuBLAS factory: Attempting to register factory for plugin cuBLAS when one has already been registered
E0000 00:00:1761748805.026744   17844 cuda_blas.cc:1407] Unable to register cuBLAS factory: Attempting to register factory for plugin cuBLAS when one has already been registered
E0000 00:00:1761748805.026764   17840 cuda_blas.cc:1407] Unable to register cuBLAS factory: Attempting to register factory for plugin cuBLAS when one has already been registered
E0000 00:00:1761748805.026785   17845 cuda_blas.cc:1407] Unable to register cuBLAS factory: Attempting to register factory for plugin cuBLAS when one has already been registered
E0000 00:00:1761748805.026806   17841 cuda_blas.cc:1407] Unable to register cuBLAS factory: Attempting to register factory for plugin cuBLAS when one has already been registered
E0000 00:00:1761748805.027081   17843 cuda_blas.cc:1407] Unable to register cuBLAS factory: Attempting to register factory for plugin cuBLAS when one has already been registered
W0000 00:00:1761748810.352560   17846 computation_placer.cc:177] computation placer already registered. Please check linkage and avoid linking the same target more than once.
W0000 00:00:1761748810.352581   17844 computation_placer.cc:177] computation placer already registered. Please check linkage and avoid linking the same target more than once.
W0000 00:00:1761748810.352574   17839 computation_placer.cc:177] computation placer already registered. Please check linkage and avoid linking the same target more than once.
W0000 00:00:1761748810.352576   17840 computation_placer.cc:177] computation placer already registered. Please check linkage and avoid linking the same target more than once.
W0000 00:00:1761748810.352571   17841 computation_placer.cc:177] computation placer already registered. Please check linkage and avoid linking the same target more than once.
W0000 00:00:1761748810.352571   17845 computation_placer.cc:177] computation placer already registered. Please check linkage and avoid linking the same target more than once.
W0000 00:00:1761748810.352574   17842 computation_placer.cc:177] computation placer already registered. Please check linkage and avoid linking the same target more than once.
W0000 00:00:1761748810.352583   17843 computation_placer.cc:177] computation placer already registered. Please check linkage and avoid linking the same target more than once.
W0000 00:00:1761748810.352719   17846 computation_placer.cc:177] computation placer already registered. Please check linkage and avoid linking the same target more than once.
W0000 00:00:1761748810.352788   17844 computation_placer.cc:177] computation placer already registered. Please check linkage and avoid linking the same target more than once.
W0000 00:00:1761748810.352858   17839 computation_placer.cc:177] computation placer already registered. Please check linkage and avoid linking the same target more than once.
W0000 00:00:1761748810.353212   17839 computation_placer.cc:177] computation placer already registered. Please check linkage and avoid linking the same target more than once.
W0000 00:00:1761748810.353228   17839 computation_placer.cc:177] computation placer already registered. Please check linkage and avoid linking the same target more than once.
W0000 00:00:1761748810.353145   17846 computation_placer.cc:177] computation placer already registered. Please check linkage and avoid linking the same target more than once.
W0000 00:00:1761748810.352906   17840 computation_placer.cc:177] computation placer already registered. Please check linkage and avoid linking the same target more than once.
W0000 00:00:1761748810.353331   17846 computation_placer.cc:177] computation placer already registered. Please check linkage and avoid linking the same target more than once.
W0000 00:00:1761748810.353371   17840 computation_placer.cc:177] computation placer already registered. Please check linkage and avoid linking the same target more than once.
W0000 00:00:1761748810.353405   17840 computation_placer.cc:177] computation placer already registered. Please check linkage and avoid linking the same target more than once.
W0000 00:00:1761748810.353165   17844 computation_placer.cc:177] computation placer already registered. Please check linkage and avoid linking the same target more than once.
W0000 00:00:1761748810.353454   17844 computation_placer.cc:177] computation placer already registered. Please check linkage and avoid linking the same target more than once.
W0000 00:00:1761748810.353013   17845 computation_placer.cc:177] computation placer already registered. Please check linkage and avoid linking the same target more than once.
W0000 00:00:1761748810.353529   17845 computation_placer.cc:177] computation placer already registered. Please check linkage and avoid linking the same target more than once.
W0000 00:00:1761748810.353129   17843 computation_placer.cc:177] computation placer already registered. Please check linkage and avoid linking the same target more than once.
W0000 00:00:1761748810.353554   17845 computation_placer.cc:177] computation placer already registered. Please check linkage and avoid linking the same target more than once.
W0000 00:00:1761748810.352962   17841 computation_placer.cc:177] computation placer already registered. Please check linkage and avoid linking the same target more than once.
W0000 00:00:1761748810.353609   17843 computation_placer.cc:177] computation placer already registered. Please check linkage and avoid linking the same target more than once.
W0000 00:00:1761748810.353642   17841 computation_placer.cc:177] computation placer already registered. Please check linkage and avoid linking the same target more than once.
W0000 00:00:1761748810.353660   17843 computation_placer.cc:177] computation placer already registered. Please check linkage and avoid linking the same target more than once.
W0000 00:00:1761748810.353669   17841 computation_placer.cc:177] computation placer already registered. Please check linkage and avoid linking the same target more than once.
W0000 00:00:1761748810.353072   17842 computation_placer.cc:177] computation placer already registered. Please check linkage and avoid linking the same target more than once.
W0000 00:00:1761748810.353733   17842 computation_placer.cc:177] computation placer already registered. Please check linkage and avoid linking the same target more than once.
W0000 00:00:1761748810.353749   17842 computation_placer.cc:177] computation placer already registered. Please check linkage and avoid linking the same target more than once.
2025-10-29 22:40:10.779527: I tensorflow/core/platform/cpu_feature_guard.cc:210] This TensorFlow binary is optimized to use available CPU instructions in performance-critical operations.
To enable the following instructions: AVX2 FMA, in other operations, rebuild TensorFlow with the appropriate compiler flags.
2025-10-29 22:40:10.779535: I tensorflow/core/platform/cpu_feature_guard.cc:210] This TensorFlow binary is optimized to use available CPU instructions in performance-critical operations.
To enable the following instructions: AVX2 FMA, in other operations, rebuild TensorFlow with the appropriate compiler flags.
2025-10-29 22:40:10.779624: I tensorflow/core/platform/cpu_feature_guard.cc:210] This TensorFlow binary is optimized to use available CPU instructions in performance-critical operations.
To enable the following instructions: AVX2 FMA, in other operations, rebuild TensorFlow with the appropriate compiler flags.
2025-10-29 22:40:10.779613: I tensorflow/core/platform/cpu_feature_guard.cc:210] This TensorFlow binary is optimized to use available CPU instructions in performance-critical operations.
To enable the following instructions: AVX2 FMA, in other operations, rebuild TensorFlow with the appropriate compiler flags.
2025-10-29 22:40:10.779657: I tensorflow/core/platform/cpu_feature_guard.cc:210] This TensorFlow binary is optimized to use available CPU instructions in performance-critical operations.
To enable the following instructions: AVX2 FMA, in other operations, rebuild TensorFlow with the appropriate compiler flags.
2025-10-29 22:40:10.779689: I tensorflow/core/platform/cpu_feature_guard.cc:210] This TensorFlow binary is optimized to use available CPU instructions in performance-critical operations.
To enable the following instructions: AVX2 FMA, in other operations, rebuild TensorFlow with the appropriate compiler flags.
2025-10-29 22:40:10.779728: I tensorflow/core/platform/cpu_feature_guard.cc:210] This TensorFlow binary is optimized to use available CPU instructions in performance-critical operations.
To enable the following instructions: AVX2 FMA, in other operations, rebuild TensorFlow with the appropriate compiler flags.
2025-10-29 22:40:10.779734: I tensorflow/core/platform/cpu_feature_guard.cc:210] This TensorFlow binary is optimized to use available CPU instructions in performance-critical operations.
To enable the following instructions: AVX2 FMA, in other operations, rebuild TensorFlow with the appropriate compiler flags.
free(): invalid pointer
[rank6]: Traceback (most recent call last):
[rank6]:   File "/data/run01/scw6f3q/zncao/affincraft/lib/python3.9/site-packages/torch/utils/data/dataloader.py", line 1251, in _try_get_data
[rank6]:     data = self._data_queue.get(timeout=timeout)
[rank6]:   File "/data/run01/scw6f3q/zncao/affincraft/lib/python3.9/queue.py", line 179, in get
[rank6]:     raise Empty
[rank6]: _queue.Empty

[rank6]: The above exception was the direct cause of the following exception:

[rank6]: Traceback (most recent call last):
[rank6]:   File "/data/run01/scw6f3q/zncao/affincraft/bin/fairseq-train", line 8, in <module>
[rank6]:     sys.exit(cli_main())
[rank6]:   File "/data/run01/scw6f3q/zncao/affincraft/lib/python3.9/site-packages/fairseq_cli/train.py", line 557, in cli_main
[rank6]:     distributed_utils.call_main(cfg, main)
[rank6]:   File "/data/run01/scw6f3q/zncao/affincraft/lib/python3.9/site-packages/fairseq/distributed/utils.py", line 354, in call_main
[rank6]:     distributed_main(cfg.distributed_training.device_id, main, cfg, kwargs)
[rank6]:   File "/data/run01/scw6f3q/zncao/affincraft/lib/python3.9/site-packages/fairseq/distributed/utils.py", line 328, in distributed_main
[rank6]:     main(cfg, **kwargs)
[rank6]:   File "/data/run01/scw6f3q/zncao/affincraft/lib/python3.9/site-packages/fairseq_cli/train.py", line 190, in main
[rank6]:     valid_losses, should_stop = train(cfg, trainer, task, epoch_itr)
[rank6]:   File "/data/run01/scw6f3q/zncao/affincraft/lib/python3.9/contextlib.py", line 79, in inner
[rank6]:     return func(*args, **kwds)
[rank6]:   File "/data/run01/scw6f3q/zncao/affincraft/lib/python3.9/site-packages/fairseq_cli/train.py", line 312, in train
[rank6]:     for i, samples in enumerate(progress):
[rank6]:   File "/data/run01/scw6f3q/zncao/affincraft/lib/python3.9/site-packages/fairseq/logging/progress_bar.py", line 272, in __iter__
[rank6]:     for i, obj in enumerate(self.iterable, start=self.n):
[rank6]:   File "/data/run01/scw6f3q/zncao/affincraft/lib/python3.9/site-packages/fairseq/data/iterators.py", line 57, in __next__
[rank6]:     x = next(self._itr)
[rank6]:   File "/data/run01/scw6f3q/zncao/affincraft/lib/python3.9/site-packages/fairseq/data/iterators.py", line 609, in _chunk_iterator
[rank6]:     for x in itr:
[rank6]:   File "/data/run01/scw6f3q/zncao/affincraft/lib/python3.9/site-packages/fairseq/data/iterators.py", line 57, in __next__
[rank6]:     x = next(self._itr)
[rank6]:   File "/data/run01/scw6f3q/zncao/affincraft/lib/python3.9/site-packages/fairseq/data/iterators.py", line 742, in __next__
[rank6]:     raise item
[rank6]:   File "/data/run01/scw6f3q/zncao/affincraft/lib/python3.9/site-packages/fairseq/data/iterators.py", line 672, in run
[rank6]:     for item in self._source:
[rank6]:   File "/data/run01/scw6f3q/zncao/affincraft/lib/python3.9/site-packages/torch/utils/data/dataloader.py", line 708, in __next__
[rank6]:     data = self._next_data()
[rank6]:   File "/data/run01/scw6f3q/zncao/affincraft/lib/python3.9/site-packages/torch/utils/data/dataloader.py", line 1458, in _next_data
[rank6]:     idx, data = self._get_data()
[rank6]:   File "/data/run01/scw6f3q/zncao/affincraft/lib/python3.9/site-packages/torch/utils/data/dataloader.py", line 1410, in _get_data
[rank6]:     success, data = self._try_get_data()
[rank6]:   File "/data/run01/scw6f3q/zncao/affincraft/lib/python3.9/site-packages/torch/utils/data/dataloader.py", line 1264, in _try_get_data
[rank6]:     raise RuntimeError(
[rank6]: RuntimeError: DataLoader worker (pid(s) 18482) exited unexpectedly
W1029 22:51:13.566383 17802 torch/distributed/elastic/multiprocessing/api.py:897] Sending process 17839 closing signal SIGTERM
W1029 22:51:13.571362 17802 torch/distributed/elastic/multiprocessing/api.py:897] Sending process 17840 closing signal SIGTERM
W1029 22:51:13.573229 17802 torch/distributed/elastic/multiprocessing/api.py:897] Sending process 17841 closing signal SIGTERM
W1029 22:51:13.574236 17802 torch/distributed/elastic/multiprocessing/api.py:897] Sending process 17842 closing signal SIGTERM
W1029 22:51:13.575631 17802 torch/distributed/elastic/multiprocessing/api.py:897] Sending process 17843 closing signal SIGTERM
W1029 22:51:13.576509 17802 torch/distributed/elastic/multiprocessing/api.py:897] Sending process 17844 closing signal SIGTERM
W1029 22:51:13.577263 17802 torch/distributed/elastic/multiprocessing/api.py:897] Sending process 17846 closing signal SIGTERM
E1029 22:51:25.372226 17802 torch/distributed/elastic/multiprocessing/api.py:869] failed (exitcode: 1) local_rank: 6 (pid: 17845) of binary: /data/run01/scw6f3q/zncao/affincraft/bin/python
Traceback (most recent call last):
  File "/data/run01/scw6f3q/zncao/affincraft/bin/torchrun", line 8, in <module>
    sys.exit(main())
  File "/data/run01/scw6f3q/zncao/affincraft/lib/python3.9/site-packages/torch/distributed/elastic/multiprocessing/errors/__init__.py", line 355, in wrapper
    return f(*args, **kwargs)
  File "/data/run01/scw6f3q/zncao/affincraft/lib/python3.9/site-packages/torch/distributed/run.py", line 918, in main
    run(args)
  File "/data/run01/scw6f3q/zncao/affincraft/lib/python3.9/site-packages/torch/distributed/run.py", line 909, in run
    elastic_launch(
  File "/data/run01/scw6f3q/zncao/affincraft/lib/python3.9/site-packages/torch/distributed/launcher/api.py", line 138, in __call__
    return launch_agent(self._config, self._entrypoint, list(args))
  File "/data/run01/scw6f3q/zncao/affincraft/lib/python3.9/site-packages/torch/distributed/launcher/api.py", line 269, in launch_agent
    raise ChildFailedError(
torch.distributed.elastic.multiprocessing.errors.ChildFailedError: 
============================================================
/data/run01/scw6f3q/zncao/affincraft/bin/fairseq-train FAILED
------------------------------------------------------------
Failures:
  <NO_OTHER_FAILURES>
------------------------------------------------------------
Root Cause (first observed failure):
[0]:
  time      : 2025-10-29_22:51:13
  host      : g0499
  rank      : 6 (local_rank: 6)
  exitcode  : 1 (pid: 17845)
  error_file: <N/A>
  traceback : To enable traceback see: https://pytorch.org/docs/stable/elastic/errors.html
============================================================
